<?xml version="1.0" encoding="UTF-8"?>
<!-- Generated by org.testng.reporters.JUnitReportReporter -->
<testsuite hostname="jk" failures="0" tests="3" name="tests.PutPatchAndDeleteExamples" time="3.334" errors="0" timestamp="2022-05-10T17:41:28 IST" skipped="0">
  <testcase classname="tests.PutPatchAndDeleteExamples" name="testDelete" time="2.276"/>
  <system-out/>
  <testcase classname="tests.PutPatchAndDeleteExamples" name="testPut" time="0.527"/>
  <system-out/>
  <testcase classname="tests.PutPatchAndDeleteExamples" name="testPatch" time="0.531"/>
  <system-out/>
</testsuite> <!-- tests.PutPatchAndDeleteExamples -->
