<?xml version="1.0" encoding="UTF-8"?>
<!-- Generated by org.testng.reporters.JUnitReportReporter -->
<testsuite hostname="jk" failures="0" tests="1" name="tests.TestOnLocalAPI" time="1.623" errors="0" timestamp="2022-05-10T18:41:39 IST" skipped="0">
  <testcase classname="tests.TestOnLocalAPI" name="delete" time="1.623"/>
  <system-out/>
</testsuite> <!-- tests.TestOnLocalAPI -->
