<?xml version="1.0" encoding="UTF-8"?>
<!-- Generated by org.testng.reporters.JUnitReportReporter -->
<testsuite hostname="jk" failures="0" tests="2" name="tests.TestExamples" time="3.021" errors="0" timestamp="2022-05-10T15:50:29 IST" skipped="0">
  <testcase classname="tests.TestExamples" name="test_1" time="1.972"/>
  <system-out/>
  <testcase classname="tests.TestExamples" name="test_2" time="1.049"/>
  <system-out/>
</testsuite> <!-- tests.TestExamples -->
