<?xml version="1.0" encoding="UTF-8"?>
<!-- Generated by org.testng.reporters.JUnitReportReporter -->
<testsuite hostname="jk" failures="0" tests="1" name="tests.JsonSchemaValidator" time="3.477" errors="0" timestamp="2022-05-11T17:02:45 IST" skipped="0">
  <testcase classname="tests.JsonSchemaValidator" name="testGet" time="3.477"/>
  <system-out/>
</testsuite> <!-- tests.JsonSchemaValidator -->
