<?xml version="1.0" encoding="UTF-8"?>
<!-- Generated by org.testng.reporters.JUnitReportReporter -->
<testsuite hostname="jk" failures="0" tests="1" name="tests.SoapXMLRequest" time="3.341" errors="0" timestamp="2022-05-11T17:18:17 IST" skipped="0">
  <testcase classname="tests.SoapXMLRequest" name="validateSoapXML" time="3.341"/>
  <system-out/>
</testsuite> <!-- tests.SoapXMLRequest -->
